2024-09-27T19:28:01.446Z 0: 

----------------------------------------------
2024-09-27T19:28:01.583Z 1: Discord starting: {"releaseChannel":"stable","version":"0.0.69"}, modulepath: /home/soup/.config/discord/0.0.69/modules
2024-09-27T19:28:01.595Z 2: ✅ webContents.created web1 "index.html"
2024-09-27T19:28:01.606Z 3: ✅ window.created win1 "discord"
2024-09-27T19:28:01.894Z 4: ✅ webContents.did-finish-load web1
2024-09-27T19:28:08.455Z 5: ✅ webContents.created web2 ""
2024-09-27T19:28:08.461Z 6: ✅ window.created win2 "Discord"
2024-09-27T19:28:10.478Z 7: ✅ webContents.did-finish-load web2
2024-09-27T19:28:10.568Z 8: window.close win1
2024-09-27T19:28:10.606Z 9: webContents.destroyed web1
2024-09-27T19:28:10.639Z 10: window.closed win1
2024-09-27T19:40:13.308Z 0: 

----------------------------------------------
2024-09-27T19:40:13.341Z 1: Discord starting: {"releaseChannel":"stable","version":"0.0.69"}, modulepath: /home/soup/.config/discord/0.0.69/modules
2024-09-27T19:40:13.366Z 2: ✅ webContents.created web1 "index.html"
2024-09-27T19:40:13.394Z 3: ✅ window.created win1 "discord"
2024-09-27T19:40:13.654Z 4: ✅ webContents.did-finish-load web1
2024-09-27T19:40:13.931Z 5: ✅ webContents.created web2 ""
2024-09-27T19:40:13.938Z 6: ✅ window.created win2 "Discord"
2024-09-27T19:40:15.679Z 7: ✅ webContents.did-finish-load web2
2024-09-27T19:40:15.779Z 8: window.close win1
2024-09-27T19:40:15.792Z 9: webContents.destroyed web1
2024-09-27T19:40:15.796Z 10: window.closed win1
2024-09-27T20:29:54.875Z 11: before-quit
2024-09-27T20:49:47.005Z 0: 

----------------------------------------------
2024-09-27T20:49:47.080Z 1: Discord starting: {"releaseChannel":"stable","version":"0.0.69"}, modulepath: /home/soup/.config/discord/0.0.69/modules
2024-09-27T20:49:47.089Z 2: ✅ webContents.created web1 "index.html"
2024-09-27T20:49:47.093Z 3: ✅ window.created win1 "discord"
2024-09-27T20:49:47.264Z 4: ✅ webContents.did-finish-load web1
2024-09-27T20:49:47.758Z 5: ✅ webContents.created web2 ""
2024-09-27T20:49:47.766Z 6: ✅ window.created win2 "Discord"
2024-09-27T20:49:52.903Z 7: ✅ webContents.did-finish-load web2
2024-09-27T20:49:52.988Z 8: window.close win1
2024-09-27T20:49:53.116Z 9: webContents.destroyed web1
2024-09-27T20:49:53.135Z 10: window.closed win1
2024-09-28T06:42:17.217Z 0: 

----------------------------------------------
2024-09-28T06:42:17.326Z 1: Discord starting: {"releaseChannel":"stable","version":"0.0.69"}, modulepath: /home/soup/.config/discord/0.0.69/modules
2024-09-28T06:42:17.379Z 2: ✅ webContents.created web1 "index.html"
2024-09-28T06:42:17.390Z 3: ✅ window.created win1 "discord"
2024-09-28T06:42:17.760Z 4: ✅ webContents.did-finish-load web1
2024-09-28T06:42:18.403Z 5: ✅ webContents.created web2 ""
2024-09-28T06:42:18.415Z 6: ✅ window.created win2 "Discord"
2024-09-28T06:42:23.474Z 7: ✅ webContents.did-finish-load web2
2024-09-28T06:42:23.567Z 8: window.close win1
2024-09-28T06:42:23.591Z 9: webContents.destroyed web1
2024-09-28T06:42:23.595Z 10: window.closed win1
2024-09-28T07:12:57.129Z 11: before-quit
2024-09-28T07:22:27.271Z 0: 

----------------------------------------------
2024-09-28T07:22:27.314Z 1: Discord starting: {"releaseChannel":"stable","version":"0.0.69"}, modulepath: /home/soup/.config/discord/0.0.69/modules
2024-09-28T07:22:27.330Z 2: ✅ webContents.created web1 "index.html"
2024-09-28T07:22:27.335Z 3: ✅ window.created win1 "discord"
2024-09-28T07:22:27.772Z 4: ✅ webContents.did-finish-load web1
2024-09-28T07:22:28.378Z 5: ✅ webContents.created web2 ""
2024-09-28T07:22:28.385Z 6: ✅ window.created win2 "Discord"
2024-09-28T07:22:33.603Z 7: ✅ webContents.did-finish-load web2
2024-09-28T07:22:33.788Z 8: window.close win1
2024-09-28T07:22:33.800Z 9: webContents.destroyed web1
2024-09-28T07:22:33.813Z 10: window.closed win1
2024-09-28T10:10:04.167Z 11: before-quit
2024-09-28T15:52:04.003Z 0: 

----------------------------------------------
2024-09-28T15:52:04.115Z 1: Discord starting: {"releaseChannel":"stable","version":"0.0.69"}, modulepath: /home/soup/.config/discord/0.0.69/modules
2024-09-28T15:52:04.168Z 2: ✅ webContents.created web1 "index.html"
2024-09-28T15:52:04.225Z 3: ✅ window.created win1 "discord"
2024-09-28T15:52:04.389Z 4: ✅ webContents.did-finish-load web1
2024-09-28T15:52:04.987Z 5: ✅ webContents.created web2 ""
2024-09-28T15:52:04.992Z 6: ✅ window.created win2 "Discord"
2024-09-28T15:52:10.605Z 7: ✅ webContents.did-finish-load web2
2024-09-28T15:52:10.692Z 8: window.close win1
2024-09-28T15:52:10.792Z 9: webContents.destroyed web1
2024-09-28T15:52:10.806Z 10: window.closed win1
2024-09-28T15:53:03.075Z 11: window.close win2
2024-09-28T15:53:06.739Z 0: 

----------------------------------------------
2024-09-28T15:53:14.323Z 12: window.close win2
2024-09-28T15:53:29.357Z 0: 

----------------------------------------------
2024-09-29T11:57:12.381Z 0: 

----------------------------------------------
2024-09-29T11:57:12.454Z 1: Discord starting: {"releaseChannel":"stable","version":"0.0.69"}, modulepath: /home/soup/.config/discord/0.0.69/modules
2024-09-29T11:57:12.459Z 2: ✅ webContents.created web1 "index.html"
2024-09-29T11:57:12.467Z 3: ✅ window.created win1 "discord"
2024-09-29T11:57:12.766Z 4: ✅ webContents.did-finish-load web1
2024-09-29T11:57:13.509Z 5: ✅ webContents.created web2 ""
2024-09-29T11:57:13.517Z 6: ✅ window.created win2 "Discord"
2024-09-29T11:57:19.033Z 7: ✅ webContents.did-finish-load web2
2024-09-29T11:57:19.120Z 8: window.close win1
2024-09-29T11:57:19.205Z 9: webContents.destroyed web1
2024-09-29T11:57:19.210Z 10: window.closed win1
2024-09-29T14:14:40.300Z 11: window.closed win2
2024-09-29T14:15:06.954Z 0: 

----------------------------------------------
2024-09-29T14:15:06.984Z 1: Discord starting: {"releaseChannel":"stable","version":"0.0.69"}, modulepath: /home/soup/.config/discord/0.0.69/modules
2024-09-29T14:15:06.990Z 2: ✅ webContents.created web1 ""
2024-09-29T14:15:06.994Z 3: ✅ window.created win1 "discord"
2024-09-29T14:15:07.306Z 4: ✅ webContents.did-finish-load web1
2024-09-29T14:15:07.698Z 5: ✅ webContents.created web2 ""
2024-09-29T14:15:07.706Z 6: ✅ window.created win2 "Discord"
2024-09-29T14:15:09.532Z 7: ✅ webContents.did-finish-load web2
2024-09-29T14:15:09.621Z 8: window.close win1
2024-09-29T14:15:09.693Z 9: webContents.destroyed web1
2024-09-29T14:15:09.698Z 10: window.closed win1
2024-09-29T14:22:44.922Z 11: ✅ webContents.did-finish-load web2
2024-09-29T15:08:11.944Z 12: before-quit
