2024-09-27 22:54:25.831 [info] Started initializing default profile extensions in extensions installation folder. file:///home/soup/.vscode/extensions
2024-09-27 22:54:25.941 [info] Completed initializing default profile extensions in extensions installation folder. file:///home/soup/.vscode/extensions
2024-09-27 22:54:26.080 [error] [uncaught exception in sharedProcess]: Error: ENOENT: no such file or directory, stat '/home/soup/.vscode/extensions/extensions.json.vsctmp': EntryNotFound (FileSystemError): Error: ENOENT: no such file or directory, stat '/home/soup/.vscode/extensions/extensions.json.vsctmp'
    at o.create (/usr/lib/code/out/vs/code/node/sharedProcess/sharedProcessMain.js:54:19406)
    at u (/usr/lib/code/out/vs/code/node/sharedProcess/sharedProcessMain.js:54:19517)
    at $.hb (/usr/lib/code/out/vs/code/node/sharedProcess/sharedProcessMain.js:59:36674)
    at $.stat (/usr/lib/code/out/vs/code/node/sharedProcess/sharedProcessMain.js:59:29001)
    at async c.stat (/usr/lib/code/out/vs/code/node/sharedProcess/sharedProcessMain.js:59:14931)
    at async W.ub (/usr/lib/code/out/vs/code/node/sharedProcess/sharedProcessMain.js:105:120356)
2024-09-27 22:55:26.907 [info] Getting Manifest... catppuccin.catppuccin-vsc
2024-09-27 22:55:27.058 [info] Installing extension: catppuccin.catppuccin-vsc {"isMachineScoped":false,"installPreReleaseVersion":false,"pinned":false,"profileLocation":{"$mid":1,"external":"vscode-userdata:/home/soup/.vscode/extensions/extensions.json","path":"/home/soup/.vscode/extensions/extensions.json","scheme":"vscode-userdata"},"installOnlyNewlyAddedFromExtensionPack":true,"isApplicationScoped":false,"productVersion":{"version":"1.93.1","date":"2024-09-13T07:34:01.258Z"}}
2024-09-27 22:55:27.668 [error] Could not load vsce-sign module Cannot find module '@vscode/vsce-sign'
Require stack:
- /usr/lib/code/out/bootstrap-fork.js
2024-09-27 22:55:27.668 [info] Extension signature verification is not done: catppuccin.catppuccin-vsc
2024-09-27 22:55:27.686 [info] Extracted extension to file:///home/soup/.vscode/extensions/catppuccin.catppuccin-vsc-3.15.2-universal: catppuccin.catppuccin-vsc
2024-09-27 22:55:27.714 [info] Renamed to /home/soup/.vscode/extensions/catppuccin.catppuccin-vsc-3.15.2-universal
2024-09-27 22:55:27.729 [info] Extension installed successfully: catppuccin.catppuccin-vsc vscode-userdata:/home/soup/.vscode/extensions/extensions.json
2024-09-27 22:55:27.796 [error] [uncaught exception in sharedProcess]: Error: ENOENT: no such file or directory, stat '/home/soup/.vscode/extensions/extensions.json.vsctmp': EntryNotFound (FileSystemError): Error: ENOENT: no such file or directory, stat '/home/soup/.vscode/extensions/extensions.json.vsctmp'
    at o.create (/usr/lib/code/out/vs/code/node/sharedProcess/sharedProcessMain.js:54:19406)
    at u (/usr/lib/code/out/vs/code/node/sharedProcess/sharedProcessMain.js:54:19517)
    at $.hb (/usr/lib/code/out/vs/code/node/sharedProcess/sharedProcessMain.js:59:36674)
    at $.stat (/usr/lib/code/out/vs/code/node/sharedProcess/sharedProcessMain.js:59:29001)
    at async c.stat (/usr/lib/code/out/vs/code/node/sharedProcess/sharedProcessMain.js:59:14931)
    at async W.ub (/usr/lib/code/out/vs/code/node/sharedProcess/sharedProcessMain.js:105:120356)
2024-09-27 23:05:34.728 [info] Getting Manifest... ms-python.python
2024-09-27 23:05:34.855 [info] Installing extension: ms-python.python {"isMachineScoped":false,"installPreReleaseVersion":false,"pinned":false,"profileLocation":{"$mid":1,"external":"vscode-userdata:/home/soup/.vscode/extensions/extensions.json","path":"/home/soup/.vscode/extensions/extensions.json","scheme":"vscode-userdata"},"installOnlyNewlyAddedFromExtensionPack":true,"isApplicationScoped":false,"productVersion":{"version":"1.93.1","date":"2024-09-13T07:34:01.258Z"}}
2024-09-27 23:05:35.035 [info] Getting Manifest... ms-python.debugpy
2024-09-27 23:05:35.227 [info] Installing extension: ms-python.debugpy {"isMachineScoped":false,"installPreReleaseVersion":false,"pinned":false,"profileLocation":{"$mid":1,"external":"vscode-userdata:/home/soup/.vscode/extensions/extensions.json","path":"/home/soup/.vscode/extensions/extensions.json","scheme":"vscode-userdata"},"installOnlyNewlyAddedFromExtensionPack":true,"isApplicationScoped":false,"productVersion":{"version":"1.93.1","date":"2024-09-13T07:34:01.258Z"},"context":{"dependecyOrPackExtensionInstall":true}}
2024-09-27 23:05:35.350 [info] Getting Manifest... ms-python.debugpy
2024-09-27 23:05:35.475 [info] Extension is already requested to install ms-python.debugpy vscode-userdata:/home/soup/.vscode/extensions/extensions.json
2024-09-27 23:05:36.609 [error] Could not load vsce-sign module Cannot find module '@vscode/vsce-sign'
Require stack:
- /usr/lib/code/out/bootstrap-fork.js
2024-09-27 23:05:36.609 [info] Extension signature verification is not done: ms-python.debugpy
2024-09-27 23:05:36.621 [error] Could not load vsce-sign module Cannot find module '@vscode/vsce-sign'
Require stack:
- /usr/lib/code/out/bootstrap-fork.js
2024-09-27 23:05:36.621 [info] Extension signature verification is not done: ms-python.python
2024-09-27 23:05:36.944 [info] Extracted extension to file:///home/soup/.vscode/extensions/ms-python.debugpy-2024.11.0-dev-linux-x64: ms-python.debugpy
2024-09-27 23:05:36.978 [info] Renamed to /home/soup/.vscode/extensions/ms-python.debugpy-2024.11.0-dev-linux-x64
2024-09-27 23:05:37.058 [error] [uncaught exception in sharedProcess]: Error: ENOENT: no such file or directory, stat '/home/soup/.vscode/extensions/extensions.json.vsctmp': EntryNotFound (FileSystemError): Error: ENOENT: no such file or directory, stat '/home/soup/.vscode/extensions/extensions.json.vsctmp'
    at o.create (/usr/lib/code/out/vs/code/node/sharedProcess/sharedProcessMain.js:54:19406)
    at u (/usr/lib/code/out/vs/code/node/sharedProcess/sharedProcessMain.js:54:19517)
    at $.hb (/usr/lib/code/out/vs/code/node/sharedProcess/sharedProcessMain.js:59:36674)
    at $.stat (/usr/lib/code/out/vs/code/node/sharedProcess/sharedProcessMain.js:59:29001)
    at async c.stat (/usr/lib/code/out/vs/code/node/sharedProcess/sharedProcessMain.js:59:14931)
    at async W.ub (/usr/lib/code/out/vs/code/node/sharedProcess/sharedProcessMain.js:105:120356)
2024-09-27 23:05:37.591 [info] Extracted extension to file:///home/soup/.vscode/extensions/ms-python.python-2024.14.1-universal: ms-python.python
2024-09-27 23:05:37.661 [info] Renamed to /home/soup/.vscode/extensions/ms-python.python-2024.14.1-universal
2024-09-27 23:05:37.686 [info] Extension installed successfully: ms-python.debugpy vscode-userdata:/home/soup/.vscode/extensions/extensions.json
2024-09-27 23:05:37.686 [info] Extension installed successfully: ms-python.python vscode-userdata:/home/soup/.vscode/extensions/extensions.json
2024-09-27 23:05:37.743 [error] [uncaught exception in sharedProcess]: Error: ENOENT: no such file or directory, stat '/home/soup/.vscode/extensions/extensions.json.vsctmp': EntryNotFound (FileSystemError): Error: ENOENT: no such file or directory, stat '/home/soup/.vscode/extensions/extensions.json.vsctmp'
    at o.create (/usr/lib/code/out/vs/code/node/sharedProcess/sharedProcessMain.js:54:19406)
    at u (/usr/lib/code/out/vs/code/node/sharedProcess/sharedProcessMain.js:54:19517)
    at $.hb (/usr/lib/code/out/vs/code/node/sharedProcess/sharedProcessMain.js:59:36674)
    at $.stat (/usr/lib/code/out/vs/code/node/sharedProcess/sharedProcessMain.js:59:29001)
    at async c.stat (/usr/lib/code/out/vs/code/node/sharedProcess/sharedProcessMain.js:59:14931)
    at async W.ub (/usr/lib/code/out/vs/code/node/sharedProcess/sharedProcessMain.js:105:120356)
