2024-09-27 21:57:43.331 [info] Started initializing default profile extensions in extensions installation folder. file:///home/soup/.vscode-oss/extensions
2024-09-27 21:57:43.382 [info] Completed initializing default profile extensions in extensions installation folder. file:///home/soup/.vscode-oss/extensions
2024-09-27 21:57:43.414 [error] [uncaught exception in sharedProcess]: Error: ENOENT: no such file or directory, stat '/home/soup/.vscode-oss/extensions/extensions.json.vsctmp': EntryNotFound (FileSystemError): Error: ENOENT: no such file or directory, stat '/home/soup/.vscode-oss/extensions/extensions.json.vsctmp'
    at o.create (/usr/lib/code/out/vs/code/node/sharedProcess/sharedProcessMain.js:54:19406)
    at u (/usr/lib/code/out/vs/code/node/sharedProcess/sharedProcessMain.js:54:19517)
    at $.hb (/usr/lib/code/out/vs/code/node/sharedProcess/sharedProcessMain.js:59:36674)
    at $.stat (/usr/lib/code/out/vs/code/node/sharedProcess/sharedProcessMain.js:59:29001)
    at async c.stat (/usr/lib/code/out/vs/code/node/sharedProcess/sharedProcessMain.js:59:14931)
    at async W.ub (/usr/lib/code/out/vs/code/node/sharedProcess/sharedProcessMain.js:105:120356)
2024-09-27 21:57:59.849 [info] Getting Manifest... catppuccin.catppuccin-vsc
2024-09-27 21:57:59.977 [info] Installing extension: catppuccin.catppuccin-vsc {"isMachineScoped":false,"installPreReleaseVersion":false,"pinned":false,"profileLocation":{"$mid":1,"external":"vscode-userdata:/home/soup/.vscode-oss/extensions/extensions.json","path":"/home/soup/.vscode-oss/extensions/extensions.json","scheme":"vscode-userdata"},"installOnlyNewlyAddedFromExtensionPack":true,"isApplicationScoped":false,"productVersion":{"version":"1.93.1","date":"2024-09-13T07:34:01.258Z"}}
2024-09-27 21:58:00.484 [error] Could not load vsce-sign module Cannot find module '@vscode/vsce-sign'
Require stack:
- /usr/lib/code/out/bootstrap-fork.js
2024-09-27 21:58:00.484 [info] Extension signature verification is not done: catppuccin.catppuccin-vsc
2024-09-27 21:58:00.509 [info] Extracted extension to file:///home/soup/.vscode-oss/extensions/catppuccin.catppuccin-vsc-3.15.2-universal: catppuccin.catppuccin-vsc
2024-09-27 21:58:00.516 [info] Renamed to /home/soup/.vscode-oss/extensions/catppuccin.catppuccin-vsc-3.15.2-universal
2024-09-27 21:58:00.529 [info] Extension installed successfully: catppuccin.catppuccin-vsc vscode-userdata:/home/soup/.vscode-oss/extensions/extensions.json
2024-09-27 21:58:00.596 [error] [uncaught exception in sharedProcess]: Error: ENOENT: no such file or directory, stat '/home/soup/.vscode-oss/extensions/extensions.json.vsctmp': EntryNotFound (FileSystemError): Error: ENOENT: no such file or directory, stat '/home/soup/.vscode-oss/extensions/extensions.json.vsctmp'
    at o.create (/usr/lib/code/out/vs/code/node/sharedProcess/sharedProcessMain.js:54:19406)
    at u (/usr/lib/code/out/vs/code/node/sharedProcess/sharedProcessMain.js:54:19517)
    at $.hb (/usr/lib/code/out/vs/code/node/sharedProcess/sharedProcessMain.js:59:36674)
    at $.stat (/usr/lib/code/out/vs/code/node/sharedProcess/sharedProcessMain.js:59:29001)
    at async c.stat (/usr/lib/code/out/vs/code/node/sharedProcess/sharedProcessMain.js:59:14931)
    at async W.ub (/usr/lib/code/out/vs/code/node/sharedProcess/sharedProcessMain.js:105:120356)
