2024-09-27 22:54:25.311 [warning] Via 'product.json#extensionEnabledApiProposals' extension 'ms-python.python' wants API proposal 'terminalShellIntegration' but that proposal DOES NOT EXIST. Likely, the proposal has been finalized (check 'vscode.d.ts') or was abandoned.
2024-09-27 22:54:25.319 [warning] Via 'product.json#extensionEnabledApiProposals' extension 'ms-azuretools.vscode-azureresourcegroups' wants API proposal 'authGetSessions' but that proposal DOES NOT EXIST. Likely, the proposal has been finalized (check 'vscode.d.ts') or was abandoned.
2024-09-27 22:54:25.519 [info] Started local extension host with pid 49528.
2024-09-27 22:54:25.547 [info] Started initializing default profile extensions in extensions installation folder. file:///home/soup/.vscode/extensions
2024-09-27 22:54:25.977 [info] Completed initializing default profile extensions in extensions installation folder. file:///home/soup/.vscode/extensions
2024-09-27 22:54:28.977 [info] [perf] Render performance baseline is 21ms
2024-09-27 23:05:37.001 [error] Unknown: Unknown error while installing extension ms-python.debugpy
    at W.installFromGallery (/usr/lib/code/out/vs/code/node/sharedProcess/sharedProcessMain.js:105:61657)
2024-09-27 23:05:37.003 [error] Unknown error while installing extension ms-python.debugpy: Unknown: Unknown error while installing extension ms-python.debugpy
    at W.installFromGallery (/usr/lib/code/out/vs/code/node/sharedProcess/sharedProcessMain.js:105:61657)
2024-09-27 23:05:37.694 [error] Extension 'ms-python.debugpy' appears in product.json but enables LESS API proposals than the extension wants.
package.json (LOSES): portsAttributes, contribIssueReporter, debugVisualization, contribViewsWelcome
product.json (WINS): portsAttributes, contribIssueReporter, debugVisualization
2024-09-27 23:05:38.027 [error] spawn /home/soup/.vscode/extensions/ms-python.python-2024.14.1-universal/python-env-tools/bin/pet ENOENT: Error: spawn /home/soup/.vscode/extensions/ms-python.python-2024.14.1-universal/python-env-tools/bin/pet ENOENT
	at ChildProcess._handle.onexit (node:internal/child_process:286:19)
	at onErrorNT (node:internal/child_process:484:16)
	at process.processTicksAndRejections (node:internal/process/task_queues:82:21)
2024-09-27 23:05:55.771 [error] Invalid debug adapter: Error: Invalid debug adapter
    at u.p (vscode-file://vscode-app/usr/lib/code/out/vs/workbench/workbench.desktop.main.js:1877:95)
    at u.$acceptDAExit (vscode-file://vscode-app/usr/lib/code/out/vs/workbench/workbench.desktop.main.js:1877:35)
    at E.S (vscode-file://vscode-app/usr/lib/code/out/vs/workbench/workbench.desktop.main.js:1767:14705)
    at E.Q (vscode-file://vscode-app/usr/lib/code/out/vs/workbench/workbench.desktop.main.js:1767:14471)
    at E.M (vscode-file://vscode-app/usr/lib/code/out/vs/workbench/workbench.desktop.main.js:1767:13504)
    at E.L (vscode-file://vscode-app/usr/lib/code/out/vs/workbench/workbench.desktop.main.js:1767:12560)
    at d.value (vscode-file://vscode-app/usr/lib/code/out/vs/workbench/workbench.desktop.main.js:1767:11034)
    at l.B (vscode-file://vscode-app/usr/lib/code/out/vs/workbench/workbench.desktop.main.js:100:732)
    at l.fire (vscode-file://vscode-app/usr/lib/code/out/vs/workbench/workbench.desktop.main.js:100:949)
    at n.fire (vscode-file://vscode-app/usr/lib/code/out/vs/workbench/workbench.desktop.main.js:631:14809)
    at K.onmessage (vscode-file://vscode-app/usr/lib/code/out/vs/workbench/workbench.desktop.main.js:1783:8206)
2024-09-27 23:06:41.934 [error] Invalid debug adapter: Error: Invalid debug adapter
    at u.p (vscode-file://vscode-app/usr/lib/code/out/vs/workbench/workbench.desktop.main.js:1877:95)
    at u.$acceptDAExit (vscode-file://vscode-app/usr/lib/code/out/vs/workbench/workbench.desktop.main.js:1877:35)
    at E.S (vscode-file://vscode-app/usr/lib/code/out/vs/workbench/workbench.desktop.main.js:1767:14705)
    at E.Q (vscode-file://vscode-app/usr/lib/code/out/vs/workbench/workbench.desktop.main.js:1767:14471)
    at E.M (vscode-file://vscode-app/usr/lib/code/out/vs/workbench/workbench.desktop.main.js:1767:13504)
    at E.L (vscode-file://vscode-app/usr/lib/code/out/vs/workbench/workbench.desktop.main.js:1767:12560)
    at d.value (vscode-file://vscode-app/usr/lib/code/out/vs/workbench/workbench.desktop.main.js:1767:11034)
    at l.B (vscode-file://vscode-app/usr/lib/code/out/vs/workbench/workbench.desktop.main.js:100:732)
    at l.fire (vscode-file://vscode-app/usr/lib/code/out/vs/workbench/workbench.desktop.main.js:100:949)
    at n.fire (vscode-file://vscode-app/usr/lib/code/out/vs/workbench/workbench.desktop.main.js:631:14809)
    at K.onmessage (vscode-file://vscode-app/usr/lib/code/out/vs/workbench/workbench.desktop.main.js:1783:8206)
