2024-09-27 22:54:25.481 [info] Added views:workbench.panel.markers.view in workbench.panel.markers
2024-09-27 22:54:25.482 [info] Added views:workbench.panel.output in workbench.panel.output
2024-09-27 22:54:25.482 [info] Added views:terminal in terminal
2024-09-27 22:54:25.482 [info] Added views:outline in workbench.view.explorer
2024-09-27 22:54:25.482 [info] Added views:workbench.scm in workbench.view.scm
2024-09-27 22:54:25.482 [info] Added views:workbench.view.search in workbench.view.search
2024-09-27 22:54:25.482 [info] Added views:timeline in workbench.view.explorer
2024-09-27 22:54:25.482 [info] Added views:workbench.explorer.emptyView in workbench.view.explorer
2024-09-27 22:54:25.732 [info] Added views:workbench.debug.variablesView,workbench.debug.watchExpressionsView,workbench.debug.callStackView,workbench.debug.breakPointsView in workbench.view.debug
2024-09-27 22:54:26.072 [info] Added views:~remote.forwardedPorts in ~remote.forwardedPortsContainer
2024-09-27 22:54:26.187 [info] Added views:workbench.panel.repl.view in workbench.panel.repl
2024-09-27 22:54:26.187 [info] Removed views:workbench.debug.breakPointsView,workbench.debug.callStackView,workbench.debug.watchExpressionsView,workbench.debug.variablesView from workbench.view.debug
2024-09-27 22:54:26.188 [info] Added views:workbench.debug.welcome in workbench.view.debug
2024-09-27 22:55:20.640 [info] Added views:workbench.views.extensions.installed,workbench.views.extensions.popular,extensions.recommendedList in workbench.view.extensions
2024-09-27 22:55:20.641 [info] Removed views:workbench.views.extensions.popular from workbench.view.extensions
2024-09-27 22:55:20.769 [info] Added views:workbench.views.extensions.popular in workbench.view.extensions
2024-09-27 22:55:24.204 [info] Removed views:extensions.recommendedList,workbench.views.extensions.popular,workbench.views.extensions.installed from workbench.view.extensions
2024-09-27 22:55:24.211 [info] Added views:workbench.views.extensions.marketplace in workbench.view.extensions
2024-09-27 23:05:28.576 [info] Added views:workbench.debug.breakPointsView in workbench.view.debug
2024-09-27 23:05:38.047 [info] Added views:workbench.view.testing in workbench.view.extension.test
2024-09-27 23:05:40.333 [info] Removed views:workbench.views.extensions.marketplace from workbench.view.extensions
2024-09-27 23:05:40.348 [info] Added views:workbench.views.extensions.installed,workbench.views.extensions.popular,extensions.recommendedList in workbench.view.extensions
2024-09-27 23:05:51.356 [info] Removed views:workbench.debug.welcome from workbench.view.debug
2024-09-27 23:05:51.373 [info] Added views:workbench.debug.variablesView,workbench.debug.watchExpressionsView,workbench.debug.callStackView in workbench.view.debug
2024-09-27 23:05:55.750 [info] Removed views:workbench.debug.callStackView,workbench.debug.watchExpressionsView,workbench.debug.variablesView from workbench.view.debug
2024-09-27 23:05:55.760 [info] Added views:workbench.debug.welcome in workbench.view.debug
2024-09-27 23:06:38.730 [info] Removed views:workbench.debug.welcome from workbench.view.debug
2024-09-27 23:06:38.746 [info] Added views:workbench.debug.variablesView,workbench.debug.watchExpressionsView,workbench.debug.callStackView in workbench.view.debug
2024-09-27 23:06:41.912 [info] Removed views:workbench.debug.callStackView,workbench.debug.watchExpressionsView,workbench.debug.variablesView from workbench.view.debug
2024-09-27 23:06:41.923 [info] Added views:workbench.debug.welcome in workbench.view.debug
